[WWW 10:37:40] Time:0.11746 http://xhprof.gn100.com/index.php?run=58d9cc747d326&source=xhprof message/chat::GetUserInfo
[WWW 10:37:40] Time:0.06981 http://xhprof.gn100.com/index.php?run=58d9cc749003b&source=xhprof index/main::404
[WWW 10:37:40] Time:0.10770 http://xhprof.gn100.com/index.php?run=58d9cc74d3171&source=xhprof index/main::topNav
[WWW 10:37:41] Time:0.08405 http://xhprof.gn100.com/index.php?run=58d9cc750f907&source=xhprof course/ajax::getUserWillBeginRemindAjax
[WWW 10:38:54] Time:0.01044 http://xhprof.gn100.com/index.php?run=58d9ccbe2bbb8&source=xhprof message/chat::GetUserInfo
[WWW 10:38:54] Time:0.07511 http://xhprof.gn100.com/index.php?run=58d9ccbe41653&source=xhprof index/main::404
[WWW 10:38:54] Time:0.10966 http://xhprof.gn100.com/index.php?run=58d9ccbe6c89e&source=xhprof index/main::topNav
[WWW 10:38:54] Time:0.15473 http://xhprof.gn100.com/index.php?run=58d9ccbe7f8a1&source=xhprof course/ajax::getUserWillBeginRemindAjax
[WWW 10:39:00] Time:0.71208 http://xhprof.gn100.com/index.php?run=58d9ccc46031a&source=xhprof index/main::entry
[WWW 10:39:00] Time:0.11688 http://xhprof.gn100.com/index.php?run=58d9ccc4aa020&source=xhprof index/main::topNav
[WWW 10:39:00] Time:0.24899 http://xhprof.gn100.com/index.php?run=58d9ccc4d24bb&source=xhprof index/main::living
[WWW 10:39:00] Time:0.03922 http://xhprof.gn100.com/index.php?run=58d9ccc4df293&source=xhprof live/live::thumb
[WWW 10:39:00] Time:0.04103 http://xhprof.gn100.com/index.php?run=58d9ccc4e0aa2&source=xhprof live/live::thumb
[WWW 10:39:00] Time:0.05753 http://xhprof.gn100.com/index.php?run=58d9ccc4e4041&source=xhprof live/live::thumb
[WWW 10:39:00] Time:0.07885 http://xhprof.gn100.com/index.php?run=58d9ccc4eac6e&source=xhprof live/live::thumb
[WWW 10:39:00] Time:0.07736 http://xhprof.gn100.com/index.php?run=58d9ccc4eb043&source=xhprof live/live::thumb
[WWW 10:39:00] Time:0.05779 http://xhprof.gn100.com/index.php?run=58d9ccc4ee8fc&source=xhprof live/live::thumb
[WWW 10:39:00] Time:0.04972 http://xhprof.gn100.com/index.php?run=58d9ccc4ee911&source=xhprof live/live::thumb
[WWW 10:39:00] Time:0.22635 http://xhprof.gn100.com/index.php?run=58d9ccc4f1642&source=xhprof course/ajax::getUserWillBeginRemindAjax
[WWW 10:39:00] Time:0.04356 http://xhprof.gn100.com/index.php?run=58d9ccc4f232a&source=xhprof live/live::thumb
[WWW 10:39:01] Time:0.05045 http://xhprof.gn100.com/index.php?run=58d9ccc505819&source=xhprof live/live::thumb
[WWW 15:48:37] Time:0.45324 http://xhprof.gn100.com/index.php?run=58da1555d927e&source=xhprof course/plan::play
[WWW 15:48:38] Time:0.03258 http://xhprof.gn100.com/index.php?run=58da1556ab8dc&source=xhprof course/ajax::getUserWillBeginRemindAjax
[WWW 15:48:38] Time:0.07453 http://xhprof.gn100.com/index.php?run=58da1556e7525&source=xhprof course/note::NoteList
[WWW 15:48:39] Time:0.14229 http://xhprof.gn100.com/index.php?run=58da155708392&source=xhprof user/gift::getStudentGift
[WWW 15:48:41] Time:0.05670 http://xhprof.gn100.com/index.php?run=58da155932138&source=xhprof course/info::AddReg
[WWW 15:48:41] Time:0.07370 http://xhprof.gn100.com/index.php?run=58da15594976b&source=xhprof layer/main::userLogin
[WWW 15:48:41] Time:0.03069 http://xhprof.gn100.com/index.php?run=58da1559591a8&source=xhprof captcha/gen::entry
[WWW 15:48:41] Time:0.08664 http://xhprof.gn100.com/index.php?run=58da1559b73b1&source=xhprof site/main::getInternationalCodeByInfo
[WWW 15:48:41] Time:0.09073 http://xhprof.gn100.com/index.php?run=58da1559b79dc&source=xhprof site/main::getInternationalCodeByInfo
[WWW 15:48:54] Time:0.33348 http://xhprof.gn100.com/index.php?run=58da15663b0bd&source=xhprof course/info::AddReg
[WWW 15:48:57] Time:0.33331 http://xhprof.gn100.com/index.php?run=58da1569c76ea&source=xhprof course/info::AddReg
[WWW 15:48:58] Time:0.44598 http://xhprof.gn100.com/index.php?run=58da156a16fc3&source=xhprof course/info::AddReg
[WWW 15:48:58] Time:0.33273 http://xhprof.gn100.com/index.php?run=58da156abf161&source=xhprof course/info::AddReg
[WWW 15:48:59] Time:0.41441 http://xhprof.gn100.com/index.php?run=58da156b0e3e0&source=xhprof course/info::AddReg
[WWW 15:48:59] Time:0.45260 http://xhprof.gn100.com/index.php?run=58da156b8173b&source=xhprof course/plan::play
[WWW 15:49:00] Time:0.12221 http://xhprof.gn100.com/index.php?run=58da156c1d606&source=xhprof course/ajax::getUserWillBeginRemindAjax
[WWW 15:49:00] Time:0.17417 http://xhprof.gn100.com/index.php?run=58da156c408e7&source=xhprof user/gift::getStudentGift
[WWW 15:49:00] Time:0.21249 http://xhprof.gn100.com/index.php?run=58da156c4f81e&source=xhprof course/note::NoteList
[WWW 15:49:36] Time:0.53299 http://xhprof.gn100.com/index.php?run=58da15906b450&source=xhprof course/plan::play
[WWW 15:49:36] Time:0.11230 http://xhprof.gn100.com/index.php?run=58da1590efe2e&source=xhprof course/ajax::getUserWillBeginRemindAjax
[WWW 15:49:37] Time:0.09994 http://xhprof.gn100.com/index.php?run=58da15910afd4&source=xhprof course/note::NoteList
[WWW 15:49:37] Time:0.22691 http://xhprof.gn100.com/index.php?run=58da15912ba97&source=xhprof user/gift::getStudentGift
[WWW 15:49:43] Time:0.06975 http://xhprof.gn100.com/index.php?run=58da1597810f2&source=xhprof user/point::redCardUse
[WWW 15:50:32] Time:0.44714 http://xhprof.gn100.com/index.php?run=58da15c818c90&source=xhprof course/plan::play
[WWW 15:50:34] Time:0.12034 http://xhprof.gn100.com/index.php?run=58da15ca74af3&source=xhprof course/ajax::getUserWillBeginRemindAjax
[WWW 15:50:34] Time:0.08158 http://xhprof.gn100.com/index.php?run=58da15caa1ad0&source=xhprof course/note::NoteList
[WWW 15:50:34] Time:0.12684 http://xhprof.gn100.com/index.php?run=58da15cab3665&source=xhprof user/gift::getStudentGift
[WWW 15:50:38] Time:0.07702 http://xhprof.gn100.com/index.php?run=58da15ce44657&source=xhprof user/point::redCardUse
[WWW 15:51:07] Time:0.45683 http://xhprof.gn100.com/index.php?run=58da15eb794d6&source=xhprof course/plan::play
[WWW 15:51:08] Time:0.10652 http://xhprof.gn100.com/index.php?run=58da15ec0a734&source=xhprof course/ajax::getUserWillBeginRemindAjax
[WWW 15:51:08] Time:0.06614 http://xhprof.gn100.com/index.php?run=58da15ec1d440&source=xhprof course/note::NoteList
[WWW 15:51:08] Time:0.19186 http://xhprof.gn100.com/index.php?run=58da15ec3f5a9&source=xhprof user/gift::getStudentGift
[WWW 15:51:11] Time:0.07265 http://xhprof.gn100.com/index.php?run=58da15efbf715&source=xhprof user/point::redCardUse
[WWW 15:53:22] Time:0.44396 http://xhprof.gn100.com/index.php?run=58da167235b10&source=xhprof course/plan::play
[WWW 15:53:22] Time:0.10908 http://xhprof.gn100.com/index.php?run=58da1672c9539&source=xhprof course/ajax::getUserWillBeginRemindAjax
[WWW 15:53:23] Time:0.13429 http://xhprof.gn100.com/index.php?run=58da167302f25&source=xhprof user/gift::getStudentGift
[WWW 15:53:23] Time:0.18446 http://xhprof.gn100.com/index.php?run=58da1673125ee&source=xhprof course/note::NoteList
[WWW 15:53:28] Time:0.07478 http://xhprof.gn100.com/index.php?run=58da16789197c&source=xhprof user/point::redCardUse
[WWW 15:54:34] Time:0.45910 http://xhprof.gn100.com/index.php?run=58da16ba479c1&source=xhprof course/plan::play
[WWW 15:54:34] Time:0.10948 http://xhprof.gn100.com/index.php?run=58da16bad6a81&source=xhprof course/ajax::getUserWillBeginRemindAjax
[WWW 15:54:34] Time:0.06720 http://xhprof.gn100.com/index.php?run=58da16bae72ac&source=xhprof course/note::NoteList
[WWW 15:54:35] Time:0.12170 http://xhprof.gn100.com/index.php?run=58da16bb04278&source=xhprof user/gift::getStudentGift
[WWW 15:54:38] Time:0.06289 http://xhprof.gn100.com/index.php?run=58da16be72c92&source=xhprof user/point::redCardUse
[WWW 15:56:43] Time:0.43736 http://xhprof.gn100.com/index.php?run=58da173bbac1e&source=xhprof course/plan::play
[WWW 15:56:44] Time:0.11983 http://xhprof.gn100.com/index.php?run=58da173c4ed29&source=xhprof course/ajax::getUserWillBeginRemindAjax
[WWW 15:56:44] Time:0.13388 http://xhprof.gn100.com/index.php?run=58da173c809b1&source=xhprof user/gift::getStudentGift
[WWW 15:56:44] Time:0.22117 http://xhprof.gn100.com/index.php?run=58da173c8fc53&source=xhprof course/note::NoteList
[WWW 15:57:19] Time:0.45500 http://xhprof.gn100.com/index.php?run=58da175fbe5f5&source=xhprof course/plan::play
[WWW 15:57:20] Time:0.11369 http://xhprof.gn100.com/index.php?run=58da1760574b1&source=xhprof course/ajax::getUserWillBeginRemindAjax
[WWW 15:57:20] Time:0.07020 http://xhprof.gn100.com/index.php?run=58da17606ec09&source=xhprof course/note::NoteList
[WWW 15:57:20] Time:0.19872 http://xhprof.gn100.com/index.php?run=58da17608ff9a&source=xhprof user/gift::getStudentGift
[WWW 15:57:25] Time:0.08202 http://xhprof.gn100.com/index.php?run=58da17653470a&source=xhprof user/point::redCardUse
[WWW 15:57:26] Time:0.06251 http://xhprof.gn100.com/index.php?run=58da17666ad76&source=xhprof user/point::redCardUse
[WWW 15:57:43] Time:0.07967 http://xhprof.gn100.com/index.php?run=58da17771451b&source=xhprof user/point::redCardUse
[WWW 15:58:15] Time:0.45930 http://xhprof.gn100.com/index.php?run=58da1797603bd&source=xhprof course/plan::play
[WWW 15:58:17] Time:0.12276 http://xhprof.gn100.com/index.php?run=58da17993d6ba&source=xhprof course/ajax::getUserWillBeginRemindAjax
[WWW 15:58:17] Time:0.06835 http://xhprof.gn100.com/index.php?run=58da17994ec18&source=xhprof course/note::NoteList
[WWW 15:58:17] Time:0.19197 http://xhprof.gn100.com/index.php?run=58da17997074b&source=xhprof user/gift::getStudentGift
[WWW 15:58:20] Time:0.07028 http://xhprof.gn100.com/index.php?run=58da179c27c0c&source=xhprof user/point::redCardUse
[WWW 16:01:50] Time:0.07738 http://xhprof.gn100.com/index.php?run=58da186e7f44f&source=xhprof user/point::redCardUse
[WWW 16:08:53] Time:0.44624 http://xhprof.gn100.com/index.php?run=58da1a1512695&source=xhprof course/plan::play
[WWW 16:08:53] Time:0.11532 http://xhprof.gn100.com/index.php?run=58da1a15a1c6a&source=xhprof course/ajax::getUserWillBeginRemindAjax
[WWW 16:08:53] Time:0.07745 http://xhprof.gn100.com/index.php?run=58da1a15be9f5&source=xhprof course/note::NoteList
[WWW 16:08:53] Time:0.19989 http://xhprof.gn100.com/index.php?run=58da1a15df7c3&source=xhprof user/gift::getStudentGift
[WWW 16:09:00] Time:0.08087 http://xhprof.gn100.com/index.php?run=58da1a1c9c4dc&source=xhprof user/point::redCardUse
[WWW 16:09:36] Time:0.07546 http://xhprof.gn100.com/index.php?run=58da1a40952da&source=xhprof user/point::redCardUse
[WWW 16:10:30] Time:0.03462 http://xhprof.gn100.com/index.php?run=58da1a76c789b&source=xhprof user/point::redCardUse
[WWW 16:10:49] Time:0.45490 http://xhprof.gn100.com/index.php?run=58da1a898d16d&source=xhprof course/plan::play
[WWW 16:10:50] Time:0.11358 http://xhprof.gn100.com/index.php?run=58da1a8a2a1f4&source=xhprof course/ajax::getUserWillBeginRemindAjax
[WWW 16:10:50] Time:0.09313 http://xhprof.gn100.com/index.php?run=58da1a8a45994&source=xhprof course/note::NoteList
[WWW 16:10:50] Time:0.21687 http://xhprof.gn100.com/index.php?run=58da1a8a666a5&source=xhprof user/gift::getStudentGift
[WWW 16:10:56] Time:0.05444 http://xhprof.gn100.com/index.php?run=58da1a9015d3f&source=xhprof user/point::PointConvertFlower
[WWW 16:11:01] Time:0.06600 http://xhprof.gn100.com/index.php?run=58da1a95f1a31&source=xhprof user/point::redCardUse
[WWW 16:13:14] Time:0.07737 http://xhprof.gn100.com/index.php?run=58da1b1a030fc&source=xhprof user/point::redCardUse
[WWW 16:14:55] Time:0.07603 http://xhprof.gn100.com/index.php?run=58da1b7fce78c&source=xhprof user/point::redCardUse
[WWW 16:16:27] Time:0.07241 http://xhprof.gn100.com/index.php?run=58da1bdbea49c&source=xhprof user/point::redCardUse
[WWW 16:16:59] Time:0.03470 http://xhprof.gn100.com/index.php?run=58da1bfbbf30d&source=xhprof user/point::redCardUse
[WWW 16:17:15] Time:0.45415 http://xhprof.gn100.com/index.php?run=58da1c0b93cf3&source=xhprof course/plan::play
[WWW 16:17:16] Time:0.12073 http://xhprof.gn100.com/index.php?run=58da1c0c310d4&source=xhprof course/ajax::getUserWillBeginRemindAjax
[WWW 16:17:16] Time:0.07351 http://xhprof.gn100.com/index.php?run=58da1c0c6c83b&source=xhprof course/note::NoteList
[WWW 16:17:16] Time:0.19820 http://xhprof.gn100.com/index.php?run=58da1c0c8e3f3&source=xhprof user/gift::getStudentGift
[WWW 16:17:26] Time:0.06460 http://xhprof.gn100.com/index.php?run=58da1c16ae4b9&source=xhprof user/point::PointConvertFlower
[WWW 16:17:34] Time:0.07577 http://xhprof.gn100.com/index.php?run=58da1c1e6f89c&source=xhprof user/point::redCardUse
[WWW 16:18:36] Time:0.07682 http://xhprof.gn100.com/index.php?run=58da1c5c11b3f&source=xhprof user/point::redCardUse
[WWW 16:19:31] Time:0.44388 http://xhprof.gn100.com/index.php?run=58da1c9328e89&source=xhprof course/plan::play
[WWW 16:19:31] Time:0.10961 http://xhprof.gn100.com/index.php?run=58da1c93bf110&source=xhprof course/ajax::getUserWillBeginRemindAjax
[WWW 16:19:31] Time:0.06679 http://xhprof.gn100.com/index.php?run=58da1c93d5abc&source=xhprof course/note::NoteList
[WWW 16:19:32] Time:0.19125 http://xhprof.gn100.com/index.php?run=58da1c9402b29&source=xhprof user/gift::getStudentGift
[WWW 16:19:36] Time:0.08540 http://xhprof.gn100.com/index.php?run=58da1c98b29fa&source=xhprof user/point::redCardUse
[WWW 16:24:47] Time:0.07879 http://xhprof.gn100.com/index.php?run=58da1dcf1dfc4&source=xhprof user/point::redCardUse
[WWW 16:25:30] Time:0.24525 http://xhprof.gn100.com/index.php?run=58da1dfac11fb&source=xhprof course/plan::play
[WWW 16:25:31] Time:0.05580 http://xhprof.gn100.com/index.php?run=58da1dfb50594&source=xhprof course/ajax::getUserWillBeginRemindAjax
[WWW 16:25:31] Time:0.02517 http://xhprof.gn100.com/index.php?run=58da1dfb68c71&source=xhprof course/note::NoteList
[WWW 16:25:31] Time:0.05702 http://xhprof.gn100.com/index.php?run=58da1dfb72ce9&source=xhprof user/gift::getStudentGift
[WWW 16:25:48] Time:0.11283 http://xhprof.gn100.com/index.php?run=58da1e0ce32db&source=xhprof course/plan::play
[WWW 16:25:49] Time:0.02783 http://xhprof.gn100.com/index.php?run=58da1e0d99fd9&source=xhprof course/ajax::getUserWillBeginRemindAjax
[WWW 16:25:49] Time:0.02011 http://xhprof.gn100.com/index.php?run=58da1e0dbbcfc&source=xhprof course/note::NoteList
[WWW 16:25:49] Time:0.03124 http://xhprof.gn100.com/index.php?run=58da1e0dc1bf6&source=xhprof user/gift::getStudentGift
[WWW 16:25:54] Time:0.02276 http://xhprof.gn100.com/index.php?run=58da1e12e71da&source=xhprof user/point::PointConvertFlower
[WWW 16:26:00] Time:0.02377 http://xhprof.gn100.com/index.php?run=58da1e1839d11&source=xhprof user/point::redCardUse
[WWW 16:44:29] Time:0.11740 http://xhprof.gn100.com/index.php?run=58da226deeef6&source=xhprof course/plan::play
[WWW 16:44:30] Time:0.02753 http://xhprof.gn100.com/index.php?run=58da226e71793&source=xhprof course/ajax::getUserWillBeginRemindAjax
[WWW 16:44:30] Time:0.01886 http://xhprof.gn100.com/index.php?run=58da226e9f041&source=xhprof course/note::NoteList
[WWW 16:44:30] Time:0.05857 http://xhprof.gn100.com/index.php?run=58da226ea9759&source=xhprof user/gift::getStudentGift
[WWW 16:44:34] Time:0.03021 http://xhprof.gn100.com/index.php?run=58da22721d50c&source=xhprof user/point::redCardUse
[WWW 16:45:35] Time:0.11420 http://xhprof.gn100.com/index.php?run=58da22afc9254&source=xhprof course/plan::play
[WWW 16:45:36] Time:0.02601 http://xhprof.gn100.com/index.php?run=58da22b045402&source=xhprof course/ajax::getUserWillBeginRemindAjax
[WWW 16:45:36] Time:0.02098 http://xhprof.gn100.com/index.php?run=58da22b066299&source=xhprof course/note::NoteList
[WWW 16:45:36] Time:0.04927 http://xhprof.gn100.com/index.php?run=58da22b06fe75&source=xhprof user/gift::getStudentGift
[WWW 16:45:41] Time:0.02792 http://xhprof.gn100.com/index.php?run=58da22b5f0e1e&source=xhprof user/point::redCardUse
[WWW 16:46:29] Time:0.12095 http://xhprof.gn100.com/index.php?run=58da22e53314c&source=xhprof course/plan::play
[WWW 16:46:29] Time:0.02544 http://xhprof.gn100.com/index.php?run=58da22e5a3eb9&source=xhprof course/ajax::getUserWillBeginRemindAjax
[WWW 16:46:29] Time:0.01927 http://xhprof.gn100.com/index.php?run=58da22e5ce2a0&source=xhprof course/note::NoteList
[WWW 16:46:29] Time:0.05536 http://xhprof.gn100.com/index.php?run=58da22e5d77b3&source=xhprof user/gift::getStudentGift
[WWW 16:46:34] Time:0.07144 http://xhprof.gn100.com/index.php?run=58da22ea6c730&source=xhprof user/point::PointConvertFlower
[WWW 16:46:38] Time:0.02316 http://xhprof.gn100.com/index.php?run=58da22ee11397&source=xhprof user/point::PointConvertFlower
[WWW 16:46:43] Time:0.11451 http://xhprof.gn100.com/index.php?run=58da22f38f4b0&source=xhprof course/plan::play
[WWW 16:46:44] Time:0.02248 http://xhprof.gn100.com/index.php?run=58da22f40d590&source=xhprof course/ajax::getUserWillBeginRemindAjax
[WWW 16:46:44] Time:0.01996 http://xhprof.gn100.com/index.php?run=58da22f435719&source=xhprof course/note::NoteList
[WWW 16:46:44] Time:0.03264 http://xhprof.gn100.com/index.php?run=58da22f43b95d&source=xhprof user/gift::getStudentGift
[WWW 16:46:50] Time:0.02853 http://xhprof.gn100.com/index.php?run=58da22fa7f5e9&source=xhprof user/point::redCardUse
[WWW 17:16:49] Time:0.27654 http://xhprof.gn100.com/index.php?run=58da2a01187f9&source=xhprof course/plan::play
[WWW 17:16:49] Time:0.05777 http://xhprof.gn100.com/index.php?run=58da2a018f827&source=xhprof course/ajax::getUserWillBeginRemindAjax
[WWW 17:16:49] Time:0.02137 http://xhprof.gn100.com/index.php?run=58da2a01967ea&source=xhprof course/note::NoteList
[WWW 17:16:49] Time:0.04264 http://xhprof.gn100.com/index.php?run=58da2a019cfc4&source=xhprof user/gift::getStudentGift
[WWW 17:17:03] Time:0.11406 http://xhprof.gn100.com/index.php?run=58da2a0fa4def&source=xhprof course/plan::play
[WWW 17:17:04] Time:0.02386 http://xhprof.gn100.com/index.php?run=58da2a100fb8c&source=xhprof course/ajax::getUserWillBeginRemindAjax
[WWW 17:17:04] Time:0.01816 http://xhprof.gn100.com/index.php?run=58da2a101ecf4&source=xhprof course/note::NoteList
[WWW 17:17:04] Time:0.04255 http://xhprof.gn100.com/index.php?run=58da2a1027168&source=xhprof user/gift::getStudentGift
[WWW 17:17:11] Time:0.03272 http://xhprof.gn100.com/index.php?run=58da2a17071f5&source=xhprof user/point::redCardUse
[WWW 17:17:36] Time:0.11739 http://xhprof.gn100.com/index.php?run=58da2a3030394&source=xhprof course/plan::play
[WWW 17:17:36] Time:0.02650 http://xhprof.gn100.com/index.php?run=58da2a30a9636&source=xhprof course/ajax::getUserWillBeginRemindAjax
[WWW 17:17:36] Time:0.02040 http://xhprof.gn100.com/index.php?run=58da2a30c55e4&source=xhprof course/note::NoteList
[WWW 17:17:36] Time:0.03840 http://xhprof.gn100.com/index.php?run=58da2a30ce498&source=xhprof user/gift::getStudentGift
[WWW 17:18:13] Time:0.12185 http://xhprof.gn100.com/index.php?run=58da2a558fb49&source=xhprof course/plan::play
[WWW 17:18:14] Time:0.02475 http://xhprof.gn100.com/index.php?run=58da2a5611bc7&source=xhprof course/ajax::getUserWillBeginRemindAjax
[WWW 17:18:14] Time:0.02202 http://xhprof.gn100.com/index.php?run=58da2a563237f&source=xhprof course/note::NoteList
[WWW 17:18:14] Time:0.05152 http://xhprof.gn100.com/index.php?run=58da2a563c4d0&source=xhprof user/gift::getStudentGift
[WWW 17:18:23] Time:0.10959 http://xhprof.gn100.com/index.php?run=58da2a5f6f566&source=xhprof course/plan::play
[WWW 17:18:23] Time:0.02454 http://xhprof.gn100.com/index.php?run=58da2a5ff337b&source=xhprof course/ajax::getUserWillBeginRemindAjax
[WWW 17:18:24] Time:0.01728 http://xhprof.gn100.com/index.php?run=58da2a6016d6c&source=xhprof course/note::NoteList
[WWW 17:18:24] Time:0.02465 http://xhprof.gn100.com/index.php?run=58da2a601c190&source=xhprof user/gift::getStudentGift
[WWW 17:18:31] Time:0.02245 http://xhprof.gn100.com/index.php?run=58da2a672b143&source=xhprof user/point::PointConvertFlower
[WWW 17:18:32] Time:0.02683 http://xhprof.gn100.com/index.php?run=58da2a68285e0&source=xhprof user/point::redCardUse
[WWW 17:21:42] Time:0.29959 http://xhprof.gn100.com/index.php?run=58da2b2614f4d&source=xhprof index/main::entry
[WWW 17:21:42] Time:0.02398 http://xhprof.gn100.com/index.php?run=58da2b2637dc8&source=xhprof index/main::topNav
[WWW 17:21:42] Time:0.06298 http://xhprof.gn100.com/index.php?run=58da2b2647132&source=xhprof index/main::living
[WWW 17:21:42] Time:0.01026 http://xhprof.gn100.com/index.php?run=58da2b2652e76&source=xhprof live/live::thumb
[WWW 17:21:42] Time:0.01534 http://xhprof.gn100.com/index.php?run=58da2b2652f2a&source=xhprof live/live::thumb
[WWW 17:21:42] Time:0.00836 http://xhprof.gn100.com/index.php?run=58da2b26532ff&source=xhprof live/live::thumb
[WWW 17:21:42] Time:0.01751 http://xhprof.gn100.com/index.php?run=58da2b26534f0&source=xhprof live/live::thumb
[WWW 17:21:42] Time:0.01516 http://xhprof.gn100.com/index.php?run=58da2b2653974&source=xhprof live/live::thumb
[WWW 17:21:42] Time:0.00864 http://xhprof.gn100.com/index.php?run=58da2b2653a5f&source=xhprof live/live::thumb
[WWW 17:21:42] Time:0.00969 http://xhprof.gn100.com/index.php?run=58da2b2657626&source=xhprof live/live::thumb
[WWW 17:21:42] Time:0.00728 http://xhprof.gn100.com/index.php?run=58da2b26575e3&source=xhprof live/live::thumb
[WWW 17:21:42] Time:0.00771 http://xhprof.gn100.com/index.php?run=58da2b2658a6e&source=xhprof live/live::thumb
[WWW 17:21:42] Time:0.02362 http://xhprof.gn100.com/index.php?run=58da2b2686f3d&source=xhprof course/ajax::getUserWillBeginRemindAjax
[WWW 17:21:43] Time:0.33846 http://xhprof.gn100.com/index.php?run=58da2b27f15ab&source=xhprof index/growth::entry
[WWW 17:21:44] Time:0.02691 http://xhprof.gn100.com/index.php?run=58da2b28324ea&source=xhprof course/ajax::getUserWillBeginRemindAjax
[WWW 17:21:44] Time:0.01720 http://xhprof.gn100.com/index.php?run=58da2b2833c4e&source=xhprof user/gift::getStudentOrTeacherGiftSum
[WWW 17:21:44] Time:0.01419 http://xhprof.gn100.com/index.php?run=58da2b28351a0&source=xhprof user/guide::guide
[WWW 17:21:47] Time:0.11737 http://xhprof.gn100.com/index.php?run=58da2b2be03f1&source=xhprof index/user::info
[WWW 17:21:48] Time:0.02646 http://xhprof.gn100.com/index.php?run=58da2b2c32f47&source=xhprof course/ajax::getUserWillBeginRemindAjax
[WWW 17:21:48] Time:0.00900 http://xhprof.gn100.com/index.php?run=58da2b2c36cc5&source=xhprof index/user::ListRegion
[WWW 17:21:48] Time:0.00855 http://xhprof.gn100.com/index.php?run=58da2b2c40c45&source=xhprof index/user::ListRegion
[WWW 17:21:48] Time:0.01594 http://xhprof.gn100.com/index.php?run=58da2b2c48540&source=xhprof index/main::404
[WWW 17:22:29] Time:0.00093 http://xhprof.gn100.com/index.php?run=58da2b55cf60d&source=xhprof favicon/ico::entry
[WWW 17:22:29] Time:0.01886 http://xhprof.gn100.com/index.php?run=58da2b55d4c2d&source=xhprof index/main::404
[WWW 17:22:30] Time:0.20929 http://xhprof.gn100.com/index.php?run=58da2b567de8d&source=xhprof index/main::entry
[WWW 17:22:30] Time:0.01001 http://xhprof.gn100.com/index.php?run=58da2b56d3bc4&source=xhprof index/main::topNav
[WWW 17:22:30] Time:0.02894 http://xhprof.gn100.com/index.php?run=58da2b570041d&source=xhprof index/main::living
[WWW 17:22:31] Time:0.00892 http://xhprof.gn100.com/index.php?run=58da2b570581d&source=xhprof live/live::thumb
[WWW 17:22:31] Time:0.01243 http://xhprof.gn100.com/index.php?run=58da2b5706d7c&source=xhprof live/live::thumb
[WWW 17:22:31] Time:0.01081 http://xhprof.gn100.com/index.php?run=58da2b5707407&source=xhprof live/live::thumb
[WWW 17:22:31] Time:0.01188 http://xhprof.gn100.com/index.php?run=58da2b5708122&source=xhprof live/live::thumb
[WWW 17:22:31] Time:0.01022 http://xhprof.gn100.com/index.php?run=58da2b570816d&source=xhprof live/live::thumb
[WWW 17:22:31] Time:0.01021 http://xhprof.gn100.com/index.php?run=58da2b570823d&source=xhprof live/live::thumb
[WWW 17:22:31] Time:0.00973 http://xhprof.gn100.com/index.php?run=58da2b5746f43&source=xhprof live/live::thumb
[WWW 17:22:31] Time:0.00871 http://xhprof.gn100.com/index.php?run=58da2b5746fbb&source=xhprof live/live::thumb
[WWW 17:22:31] Time:0.01067 http://xhprof.gn100.com/index.php?run=58da2b5747523&source=xhprof live/live::thumb
[WWW 17:22:31] Time:0.00424 http://xhprof.gn100.com/index.php?run=58da2b575c463&source=xhprof course/ajax::getUserWillBeginRemindAjax
[WWW 17:22:32] Time:0.00801 http://xhprof.gn100.com/index.php?run=58da2b58913c6&source=xhprof index/main::login
[WWW 17:22:32] Time:0.03295 http://xhprof.gn100.com/index.php?run=58da2b58a7f19&source=xhprof captcha/gen::entry
[WWW 17:22:32] Time:0.00893 http://xhprof.gn100.com/index.php?run=58da2b58c1987&source=xhprof index/main::topNav
[WWW 17:22:32] Time:0.00447 http://xhprof.gn100.com/index.php?run=58da2b58e7f6a&source=xhprof course/ajax::getUserWillBeginRemindAjax
[WWW 17:22:32] Time:0.00559 http://xhprof.gn100.com/index.php?run=58da2b58eac55&source=xhprof index/main::getInternationalCodeByInfo
[WWW 17:22:32] Time:0.00331 http://xhprof.gn100.com/index.php?run=58da2b58eacab&source=xhprof index/main::getInternationalCodeByInfo
[WWW 17:22:36] Time:0.03366 http://xhprof.gn100.com/index.php?run=58da2b5c5cd7d&source=xhprof index/main::loginAjax
[WWW 17:22:36] Time:0.19641 http://xhprof.gn100.com/index.php?run=58da2b5c90a04&source=xhprof index/main::entry
[WWW 17:22:36] Time:0.01747 http://xhprof.gn100.com/index.php?run=58da2b5cb9c05&source=xhprof index/main::topNav
[WWW 17:22:36] Time:0.03770 http://xhprof.gn100.com/index.php?run=58da2b5ccde90&source=xhprof index/main::living
[WWW 17:22:36] Time:0.02073 http://xhprof.gn100.com/index.php?run=58da2b5d005ab&source=xhprof course/ajax::getUserWillBeginRemindAjax
[WWW 17:22:45] Time:0.12160 http://xhprof.gn100.com/index.php?run=58da2b65d035e&source=xhprof course/plan::play
[WWW 17:22:46] Time:0.01992 http://xhprof.gn100.com/index.php?run=58da2b666e9ff&source=xhprof course/ajax::getUserWillBeginRemindAjax
[WWW 17:22:46] Time:0.01866 http://xhprof.gn100.com/index.php?run=58da2b6690587&source=xhprof course/note::NoteList
[WWW 17:22:46] Time:0.05624 http://xhprof.gn100.com/index.php?run=58da2b669b743&source=xhprof user/gift::getStudentGift
[WWW 17:37:23] Time:0.07268 http://xhprof.gn100.com/index.php?run=58da2ed392988&source=xhprof index/user::info
[WWW 17:37:23] Time:0.02577 http://xhprof.gn100.com/index.php?run=58da2ed3d0365&source=xhprof course/ajax::getUserWillBeginRemindAjax
[WWW 17:37:23] Time:0.00859 http://xhprof.gn100.com/index.php?run=58da2ed3d607e&source=xhprof index/user::ListRegion
[WWW 17:37:23] Time:0.00953 http://xhprof.gn100.com/index.php?run=58da2ed3e30b6&source=xhprof index/user::ListRegion
[WWW 17:37:23] Time:0.01626 http://xhprof.gn100.com/index.php?run=58da2ed3e91f2&source=xhprof index/main::404
[WWW 17:37:39] Time:0.11378 http://xhprof.gn100.com/index.php?run=58da2ee303938&source=xhprof index/user::setInfo
[WWW 17:37:39] Time:0.06538 http://xhprof.gn100.com/index.php?run=58da2ee31cf9e&source=xhprof index/user::info
[WWW 17:37:39] Time:0.02334 http://xhprof.gn100.com/index.php?run=58da2ee393128&source=xhprof course/ajax::getUserWillBeginRemindAjax
[WWW 17:37:39] Time:0.00763 http://xhprof.gn100.com/index.php?run=58da2ee39658a&source=xhprof index/user::ListRegion
[WWW 17:37:39] Time:0.00737 http://xhprof.gn100.com/index.php?run=58da2ee3a3452&source=xhprof index/user::ListRegion
[WWW 17:37:39] Time:0.01705 http://xhprof.gn100.com/index.php?run=58da2ee3aa07b&source=xhprof index/main::404
[WWW 17:38:04] Time:0.06591 http://xhprof.gn100.com/index.php?run=58da2efc34047&source=xhprof index/user::setInfo
[WWW 17:38:04] Time:0.06445 http://xhprof.gn100.com/index.php?run=58da2efc4c458&source=xhprof index/user::info
[WWW 17:38:04] Time:0.02725 http://xhprof.gn100.com/index.php?run=58da2efcb989e&source=xhprof course/ajax::getUserWillBeginRemindAjax
[WWW 17:38:04] Time:0.00934 http://xhprof.gn100.com/index.php?run=58da2efcc368b&source=xhprof index/user::ListRegion
[WWW 17:38:04] Time:0.00867 http://xhprof.gn100.com/index.php?run=58da2efccb06d&source=xhprof index/user::ListRegion
[WWW 17:38:04] Time:0.01618 http://xhprof.gn100.com/index.php?run=58da2efcd3735&source=xhprof index/main::404
[WWW 17:38:20] Time:0.06691 http://xhprof.gn100.com/index.php?run=58da2f0c65996&source=xhprof index/user::setInfo
[WWW 17:38:20] Time:0.06292 http://xhprof.gn100.com/index.php?run=58da2f0c7cde7&source=xhprof index/user::info
[WWW 17:38:20] Time:0.02694 http://xhprof.gn100.com/index.php?run=58da2f0cdb429&source=xhprof course/ajax::getUserWillBeginRemindAjax
[WWW 17:38:20] Time:0.00913 http://xhprof.gn100.com/index.php?run=58da2f0cdfc9b&source=xhprof index/user::ListRegion
[WWW 17:38:20] Time:0.00878 http://xhprof.gn100.com/index.php?run=58da2f0ced3e6&source=xhprof index/user::ListRegion
[WWW 17:38:21] Time:0.01689 http://xhprof.gn100.com/index.php?run=58da2f0d04b13&source=xhprof index/main::404
[WWW 17:38:35] Time:0.06407 http://xhprof.gn100.com/index.php?run=58da2f1bd3b81&source=xhprof index/user::setInfo
[WWW 17:38:35] Time:0.05998 http://xhprof.gn100.com/index.php?run=58da2f1be8ccd&source=xhprof index/user::info
[WWW 17:38:36] Time:0.02096 http://xhprof.gn100.com/index.php?run=58da2f1c5a088&source=xhprof course/ajax::getUserWillBeginRemindAjax
[WWW 17:38:36] Time:0.00865 http://xhprof.gn100.com/index.php?run=58da2f1c682eb&source=xhprof index/user::ListRegion
[WWW 17:38:36] Time:0.00852 http://xhprof.gn100.com/index.php?run=58da2f1c76bb9&source=xhprof index/user::ListRegion
[WWW 17:38:36] Time:0.01512 http://xhprof.gn100.com/index.php?run=58da2f1c7c3ae&source=xhprof index/main::404
[WWW 17:38:50] Time:0.06289 http://xhprof.gn100.com/index.php?run=58da2f2a972f0&source=xhprof index/user::setInfo
[WWW 17:38:50] Time:0.06721 http://xhprof.gn100.com/index.php?run=58da2f2aadc4a&source=xhprof index/user::info
[WWW 17:38:51] Time:0.02524 http://xhprof.gn100.com/index.php?run=58da2f2b14ef3&source=xhprof course/ajax::getUserWillBeginRemindAjax
[WWW 17:38:51] Time:0.00808 http://xhprof.gn100.com/index.php?run=58da2f2b1886a&source=xhprof index/user::ListRegion
[WWW 17:38:51] Time:0.00862 http://xhprof.gn100.com/index.php?run=58da2f2b22003&source=xhprof index/user::ListRegion
[WWW 17:38:51] Time:0.01488 http://xhprof.gn100.com/index.php?run=58da2f2b2729d&source=xhprof index/main::404
[WWW 17:38:54] Time:0.06527 http://xhprof.gn100.com/index.php?run=58da2f2eb418e&source=xhprof index/user::setInfo
[WWW 17:38:54] Time:0.06098 http://xhprof.gn100.com/index.php?run=58da2f2eca952&source=xhprof index/user::info
[WWW 17:38:55] Time:0.02672 http://xhprof.gn100.com/index.php?run=58da2f2f3bf5c&source=xhprof course/ajax::getUserWillBeginRemindAjax
[WWW 17:38:55] Time:0.00904 http://xhprof.gn100.com/index.php?run=58da2f2f4636f&source=xhprof index/user::ListRegion
[WWW 17:38:55] Time:0.00842 http://xhprof.gn100.com/index.php?run=58da2f2f50140&source=xhprof index/user::ListRegion
[WWW 17:38:55] Time:0.01456 http://xhprof.gn100.com/index.php?run=58da2f2f57a63&source=xhprof index/main::404
[WWW 17:38:57] Time:0.06809 http://xhprof.gn100.com/index.php?run=58da2f3130ac7&source=xhprof index/user::setInfo
[WWW 17:38:57] Time:0.06774 http://xhprof.gn100.com/index.php?run=58da2f3148b99&source=xhprof index/user::info
[WWW 17:38:57] Time:0.02725 http://xhprof.gn100.com/index.php?run=58da2f31b0edb&source=xhprof course/ajax::getUserWillBeginRemindAjax
[WWW 17:38:57] Time:0.00935 http://xhprof.gn100.com/index.php?run=58da2f31b451d&source=xhprof index/user::ListRegion
[WWW 17:38:57] Time:0.00910 http://xhprof.gn100.com/index.php?run=58da2f31bed3f&source=xhprof index/user::ListRegion
[WWW 17:38:57] Time:0.01536 http://xhprof.gn100.com/index.php?run=58da2f31c5c1f&source=xhprof index/main::404
[WWW 17:39:00] Time:0.06980 http://xhprof.gn100.com/index.php?run=58da2f3430519&source=xhprof index/user::setInfo
[WWW 17:39:00] Time:0.06846 http://xhprof.gn100.com/index.php?run=58da2f3449526&source=xhprof index/user::info
[WWW 17:39:00] Time:0.02668 http://xhprof.gn100.com/index.php?run=58da2f34ad365&source=xhprof course/ajax::getUserWillBeginRemindAjax
[WWW 17:39:00] Time:0.00950 http://xhprof.gn100.com/index.php?run=58da2f34b4133&source=xhprof index/user::ListRegion
[WWW 17:39:00] Time:0.00832 http://xhprof.gn100.com/index.php?run=58da2f34bb8e3&source=xhprof index/user::ListRegion
[WWW 17:39:00] Time:0.01559 http://xhprof.gn100.com/index.php?run=58da2f34c22d8&source=xhprof index/main::404
[WWW 17:42:51] Time:0.12678 http://xhprof.gn100.com/index.php?run=58da301b4d107&source=xhprof course/plan::play
[WWW 17:42:51] Time:0.02003 http://xhprof.gn100.com/index.php?run=58da301b971f5&source=xhprof course/ajax::getUserWillBeginRemindAjax
[WWW 17:42:51] Time:0.02221 http://xhprof.gn100.com/index.php?run=58da301bb06af&source=xhprof course/note::NoteList
[WWW 17:42:51] Time:0.04164 http://xhprof.gn100.com/index.php?run=58da301bb715e&source=xhprof user/gift::getStudentGift
[WWW 17:43:22] Time:0.07969 http://xhprof.gn100.com/index.php?run=58da303a62e89&source=xhprof index/user::setInfo
[WWW 17:43:22] Time:0.06613 http://xhprof.gn100.com/index.php?run=58da303a7cc0c&source=xhprof index/user::info
[WWW 17:43:22] Time:0.02652 http://xhprof.gn100.com/index.php?run=58da303ada632&source=xhprof course/ajax::getUserWillBeginRemindAjax
[WWW 17:43:22] Time:0.00857 http://xhprof.gn100.com/index.php?run=58da303ade069&source=xhprof index/user::ListRegion
[WWW 17:43:22] Time:0.00943 http://xhprof.gn100.com/index.php?run=58da303ae8077&source=xhprof index/user::ListRegion
[WWW 17:43:22] Time:0.01875 http://xhprof.gn100.com/index.php?run=58da303aeedef&source=xhprof index/main::404
[WWW 17:43:25] Time:0.12132 http://xhprof.gn100.com/index.php?run=58da303db6cdd&source=xhprof course/plan::play
[WWW 17:43:25] Time:0.02154 http://xhprof.gn100.com/index.php?run=58da303de6fb9&source=xhprof course/ajax::getUserWillBeginRemindAjax
[WWW 17:43:26] Time:0.02003 http://xhprof.gn100.com/index.php?run=58da303e0dc25&source=xhprof course/note::NoteList
[WWW 17:43:26] Time:0.03421 http://xhprof.gn100.com/index.php?run=58da303e13a43&source=xhprof user/gift::getStudentGift
[WWW 17:43:29] Time:0.11849 http://xhprof.gn100.com/index.php?run=58da3041a7662&source=xhprof course/plan::play
[WWW 17:43:29] Time:0.02148 http://xhprof.gn100.com/index.php?run=58da3041db907&source=xhprof course/ajax::getUserWillBeginRemindAjax
[WWW 17:43:29] Time:0.01969 http://xhprof.gn100.com/index.php?run=58da3041eccf4&source=xhprof course/note::NoteList
[WWW 17:43:29] Time:0.03957 http://xhprof.gn100.com/index.php?run=58da3041f2f7d&source=xhprof user/gift::getStudentGift
[WWW 17:43:33] Time:0.10216 http://xhprof.gn100.com/index.php?run=58da304505f18&source=xhprof course/plan::play
[WWW 17:43:33] Time:0.02145 http://xhprof.gn100.com/index.php?run=58da30452f0e3&source=xhprof course/ajax::getUserWillBeginRemindAjax
[WWW 17:43:33] Time:0.02810 http://xhprof.gn100.com/index.php?run=58da3045405d4&source=xhprof course/note::NoteList
[WWW 17:43:33] Time:0.05273 http://xhprof.gn100.com/index.php?run=58da30454873a&source=xhprof user/gift::getStudentGift
[WWW 17:43:44] Time:0.13055 http://xhprof.gn100.com/index.php?run=58da30508355c&source=xhprof course/plan::play
[WWW 17:43:44] Time:0.01700 http://xhprof.gn100.com/index.php?run=58da3050ac987&source=xhprof course/ajax::getUserWillBeginRemindAjax
[WWW 17:43:44] Time:0.01501 http://xhprof.gn100.com/index.php?run=58da3050be561&source=xhprof course/note::NoteList
[WWW 17:43:44] Time:0.04423 http://xhprof.gn100.com/index.php?run=58da3050c67c8&source=xhprof user/gift::getStudentGift
[WWW 17:44:05] Time:0.06727 http://xhprof.gn100.com/index.php?run=58da3065b2432&source=xhprof index/user::setInfo
[WWW 17:44:08] Time:0.06504 http://xhprof.gn100.com/index.php?run=58da3068c5b2f&source=xhprof index/user::setInfo
[WWW 17:44:39] Time:0.10920 http://xhprof.gn100.com/index.php?run=58da30879153d&source=xhprof index/user::setInfo
[WWW 17:45:09] Time:0.07302 http://xhprof.gn100.com/index.php?run=58da30a5cf787&source=xhprof index/user::setInfo
[WWW 17:45:22] Time:0.10485 http://xhprof.gn100.com/index.php?run=58da30b20a293&source=xhprof index/user::setInfo
[WWW 17:45:22] Time:0.06625 http://xhprof.gn100.com/index.php?run=58da30b22492c&source=xhprof index/user::info
[WWW 17:45:22] Time:0.02649 http://xhprof.gn100.com/index.php?run=58da30b2b20a0&source=xhprof course/ajax::getUserWillBeginRemindAjax
[WWW 17:45:22] Time:0.00900 http://xhprof.gn100.com/index.php?run=58da30b2b5734&source=xhprof index/user::ListRegion
[WWW 17:45:22] Time:0.00936 http://xhprof.gn100.com/index.php?run=58da30b2bfd20&source=xhprof index/user::ListRegion
[WWW 17:45:22] Time:0.01430 http://xhprof.gn100.com/index.php?run=58da30b2c7184&source=xhprof index/main::404
[WWW 17:51:52] Time:0.13481 http://xhprof.gn100.com/index.php?run=58da32385728c&source=xhprof index/user::setInfo
[WWW 17:52:14] Time:0.07798 http://xhprof.gn100.com/index.php?run=58da324e41760&source=xhprof index/user::setInfo
[WWW 17:52:31] Time:0.06262 http://xhprof.gn100.com/index.php?run=58da325f18bbb&source=xhprof index/user::setInfo
[WWW 17:52:31] Time:0.12114 http://xhprof.gn100.com/index.php?run=58da325f42027&source=xhprof index/user::info
[WWW 17:52:31] Time:0.06558 http://xhprof.gn100.com/index.php?run=58da325fc3ccb&source=xhprof course/ajax::getUserWillBeginRemindAjax
[WWW 17:52:31] Time:0.02603 http://xhprof.gn100.com/index.php?run=58da325fc5a27&source=xhprof index/user::ListRegion
[WWW 17:52:31] Time:0.00703 http://xhprof.gn100.com/index.php?run=58da325fd0f74&source=xhprof index/user::ListRegion
[WWW 17:52:31] Time:0.01847 http://xhprof.gn100.com/index.php?run=58da325fdafa0&source=xhprof index/main::404
[WWW 17:52:51] Time:0.07189 http://xhprof.gn100.com/index.php?run=58da32732c4c7&source=xhprof index/user::setInfo
[WWW 17:52:54] Time:0.18200 http://xhprof.gn100.com/index.php?run=58da32767af61&source=xhprof course/plan::play
[WWW 17:52:54] Time:0.01898 http://xhprof.gn100.com/index.php?run=58da3276c8858&source=xhprof course/ajax::getUserWillBeginRemindAjax
[WWW 17:52:54] Time:0.02400 http://xhprof.gn100.com/index.php?run=58da3276eca51&source=xhprof course/note::NoteList
[WWW 17:52:55] Time:0.05686 http://xhprof.gn100.com/index.php?run=58da3277029da&source=xhprof user/gift::getStudentGift
[WWW 17:54:06] Time:0.10373 http://xhprof.gn100.com/index.php?run=58da32bed0b59&source=xhprof index/user::setInfo
[WWW 17:54:09] Time:0.08048 http://xhprof.gn100.com/index.php?run=58da32c182d6c&source=xhprof index/user::setInfo
[WWW 17:54:56] Time:0.10959 http://xhprof.gn100.com/index.php?run=58da32f056086&source=xhprof index/user::setInfo
[WWW 17:55:05] Time:0.06735 http://xhprof.gn100.com/index.php?run=58da32f925de2&source=xhprof index/user::setInfo
[WWW 17:56:14] Time:0.07925 http://xhprof.gn100.com/index.php?run=58da333e201fc&source=xhprof index/user::setInfo
[WWW 17:56:24] Time:0.10970 http://xhprof.gn100.com/index.php?run=58da3348b1e2b&source=xhprof index/user::setInfo
[WWW 17:57:35] Time:0.09923 http://xhprof.gn100.com/index.php?run=58da338fcaaa4&source=xhprof index/user::setInfo
[WWW 17:58:25] Time:0.09443 http://xhprof.gn100.com/index.php?run=58da33c10b837&source=xhprof index/user::setInfo
[WWW 17:58:25] Time:0.06265 http://xhprof.gn100.com/index.php?run=58da33c122379&source=xhprof index/user::info
[WWW 17:58:25] Time:0.02410 http://xhprof.gn100.com/index.php?run=58da33c1bdc05&source=xhprof course/ajax::getUserWillBeginRemindAjax
[WWW 17:58:25] Time:0.00875 http://xhprof.gn100.com/index.php?run=58da33c1c6f41&source=xhprof index/user::ListRegion
[WWW 17:58:25] Time:0.00884 http://xhprof.gn100.com/index.php?run=58da33c1d68d5&source=xhprof index/user::ListRegion
[WWW 17:58:25] Time:0.01757 http://xhprof.gn100.com/index.php?run=58da33c1deb3a&source=xhprof index/main::404
[WWW 17:58:28] Time:0.11477 http://xhprof.gn100.com/index.php?run=58da33c47c41a&source=xhprof course/plan::play
[WWW 17:58:29] Time:0.02060 http://xhprof.gn100.com/index.php?run=58da33c512367&source=xhprof course/ajax::getUserWillBeginRemindAjax
[WWW 17:58:29] Time:0.02052 http://xhprof.gn100.com/index.php?run=58da33c533a14&source=xhprof course/note::NoteList
[WWW 17:58:29] Time:0.05184 http://xhprof.gn100.com/index.php?run=58da33c53cf2c&source=xhprof user/gift::getStudentGift
[WWW 17:58:31] Time:0.11011 http://xhprof.gn100.com/index.php?run=58da33c7a59f3&source=xhprof course/plan::play
[WWW 17:58:31] Time:0.02008 http://xhprof.gn100.com/index.php?run=58da33c7ebed3&source=xhprof course/ajax::getUserWillBeginRemindAjax
[WWW 17:58:32] Time:0.01793 http://xhprof.gn100.com/index.php?run=58da33c81b284&source=xhprof course/note::NoteList
[WWW 17:58:32] Time:0.03331 http://xhprof.gn100.com/index.php?run=58da33c8207bb&source=xhprof user/gift::getStudentGift
[WWW 17:58:33] Time:0.11148 http://xhprof.gn100.com/index.php?run=58da33c97aae7&source=xhprof course/plan::play
[WWW 17:58:33] Time:0.02030 http://xhprof.gn100.com/index.php?run=58da33c9b964c&source=xhprof course/ajax::getUserWillBeginRemindAjax
[WWW 17:58:33] Time:0.01988 http://xhprof.gn100.com/index.php?run=58da33c9e3067&source=xhprof course/note::NoteList
[WWW 17:58:33] Time:0.04143 http://xhprof.gn100.com/index.php?run=58da33c9e8d14&source=xhprof user/gift::getStudentGift
[WWW 17:58:36] Time:0.10489 http://xhprof.gn100.com/index.php?run=58da33cc5a2e0&source=xhprof course/plan::play
[WWW 17:58:36] Time:0.01530 http://xhprof.gn100.com/index.php?run=58da33cc9c731&source=xhprof course/ajax::getUserWillBeginRemindAjax
[WWW 17:58:36] Time:0.01868 http://xhprof.gn100.com/index.php?run=58da33ccb8482&source=xhprof course/note::NoteList
[WWW 17:58:36] Time:0.04643 http://xhprof.gn100.com/index.php?run=58da33ccc0bf7&source=xhprof user/gift::getStudentGift
[WWW 18:00:06] Time:0.09589 http://xhprof.gn100.com/index.php?run=58da342654c40&source=xhprof index/user::setInfo
[WWW 18:00:06] Time:0.06857 http://xhprof.gn100.com/index.php?run=58da34266ea01&source=xhprof index/user::info
[WWW 18:00:06] Time:0.02245 http://xhprof.gn100.com/index.php?run=58da3426ebdad&source=xhprof course/ajax::getUserWillBeginRemindAjax
[WWW 18:00:06] Time:0.00858 http://xhprof.gn100.com/index.php?run=58da34270068c&source=xhprof index/user::ListRegion
[WWW 18:00:07] Time:0.01713 http://xhprof.gn100.com/index.php?run=58da34270ec98&source=xhprof index/user::ListRegion
[WWW 18:00:07] Time:0.01396 http://xhprof.gn100.com/index.php?run=58da342717a7b&source=xhprof index/main::404
[WWW 18:00:08] Time:0.12225 http://xhprof.gn100.com/index.php?run=58da3428bf6f0&source=xhprof course/plan::play
[WWW 18:00:09] Time:0.01529 http://xhprof.gn100.com/index.php?run=58da34290d10d&source=xhprof course/ajax::getUserWillBeginRemindAjax
[WWW 18:00:09] Time:0.01629 http://xhprof.gn100.com/index.php?run=58da3429326b9&source=xhprof course/note::NoteList
[WWW 18:00:09] Time:0.03363 http://xhprof.gn100.com/index.php?run=58da342937896&source=xhprof user/gift::getStudentGift
[WWW 18:00:11] Time:0.11800 http://xhprof.gn100.com/index.php?run=58da342b2baab&source=xhprof course/plan::play
[WWW 18:00:11] Time:0.01997 http://xhprof.gn100.com/index.php?run=58da342b71c53&source=xhprof course/ajax::getUserWillBeginRemindAjax
[WWW 18:00:11] Time:0.02047 http://xhprof.gn100.com/index.php?run=58da342b95812&source=xhprof course/note::NoteList
[WWW 18:00:11] Time:0.04056 http://xhprof.gn100.com/index.php?run=58da342b9badc&source=xhprof user/gift::getStudentGift
[WWW 18:00:19] Time:0.11373 http://xhprof.gn100.com/index.php?run=58da3433aaa6c&source=xhprof course/plan::play
[WWW 18:00:20] Time:0.02110 http://xhprof.gn100.com/index.php?run=58da343407a62&source=xhprof course/ajax::getUserWillBeginRemindAjax
[WWW 18:00:20] Time:0.02031 http://xhprof.gn100.com/index.php?run=58da34342e22d&source=xhprof course/note::NoteList
[WWW 18:00:20] Time:0.04015 http://xhprof.gn100.com/index.php?run=58da343434362&source=xhprof user/gift::getStudentGift
[WWW 18:00:24] Time:0.11768 http://xhprof.gn100.com/index.php?run=58da34387932a&source=xhprof course/plan::play
[WWW 18:00:24] Time:0.02145 http://xhprof.gn100.com/index.php?run=58da3438c3323&source=xhprof course/ajax::getUserWillBeginRemindAjax
[WWW 18:00:24] Time:0.02296 http://xhprof.gn100.com/index.php?run=58da3438e50f5&source=xhprof course/note::NoteList
[WWW 18:00:24] Time:0.05150 http://xhprof.gn100.com/index.php?run=58da3438eed91&source=xhprof user/gift::getStudentGift
[WWW 18:00:36] Time:0.02872 http://xhprof.gn100.com/index.php?run=58da344488671&source=xhprof index/user::checkNickName
[WWW 18:00:39] Time:0.06965 http://xhprof.gn100.com/index.php?run=58da344718a76&source=xhprof index/user::setInfo
[WWW 18:00:39] Time:0.06748 http://xhprof.gn100.com/index.php?run=58da344731582&source=xhprof index/user::info
[WWW 18:00:39] Time:0.02598 http://xhprof.gn100.com/index.php?run=58da34479cd9a&source=xhprof course/ajax::getUserWillBeginRemindAjax
[WWW 18:00:39] Time:0.00900 http://xhprof.gn100.com/index.php?run=58da3447a2ce4&source=xhprof index/user::ListRegion
[WWW 18:00:39] Time:0.00998 http://xhprof.gn100.com/index.php?run=58da3447b1d4e&source=xhprof index/user::ListRegion
[WWW 18:00:39] Time:0.01796 http://xhprof.gn100.com/index.php?run=58da3447b92c6&source=xhprof index/main::404
[WWW 18:00:41] Time:0.11277 http://xhprof.gn100.com/index.php?run=58da3449cc1d9&source=xhprof course/plan::play
[WWW 18:00:42] Time:0.02010 http://xhprof.gn100.com/index.php?run=58da344a250f2&source=xhprof course/ajax::getUserWillBeginRemindAjax
[WWW 18:00:42] Time:0.01827 http://xhprof.gn100.com/index.php?run=58da344a44ef1&source=xhprof course/note::NoteList
[WWW 18:00:42] Time:0.03403 http://xhprof.gn100.com/index.php?run=58da344a4aade&source=xhprof user/gift::getStudentGift
[WWW 18:00:44] Time:0.11267 http://xhprof.gn100.com/index.php?run=58da344c56da7&source=xhprof course/plan::play
[WWW 18:00:44] Time:0.02194 http://xhprof.gn100.com/index.php?run=58da344cab226&source=xhprof course/ajax::getUserWillBeginRemindAjax
[WWW 18:00:44] Time:0.01955 http://xhprof.gn100.com/index.php?run=58da344cd28d8&source=xhprof course/note::NoteList
[WWW 18:00:44] Time:0.03238 http://xhprof.gn100.com/index.php?run=58da344cd84cd&source=xhprof user/gift::getStudentGift
[WWW 18:00:48] Time:0.07043 http://xhprof.gn100.com/index.php?run=58da34506100c&source=xhprof index/user::info
[WWW 18:00:48] Time:0.01892 http://xhprof.gn100.com/index.php?run=58da3450c60ee&source=xhprof course/ajax::getUserWillBeginRemindAjax
[WWW 18:00:48] Time:0.00722 http://xhprof.gn100.com/index.php?run=58da3450d5bd8&source=xhprof index/user::ListRegion
[WWW 18:00:48] Time:0.00699 http://xhprof.gn100.com/index.php?run=58da3450dd2f9&source=xhprof index/user::ListRegion
[WWW 18:00:48] Time:0.01439 http://xhprof.gn100.com/index.php?run=58da3450e51b6&source=xhprof index/main::404
[WWW 18:00:59] Time:0.03085 http://xhprof.gn100.com/index.php?run=58da345bc438b&source=xhprof index/user::checkNickName
[WWW 18:01:01] Time:0.06947 http://xhprof.gn100.com/index.php?run=58da345d4cd5a&source=xhprof index/user::setInfo
[WWW 18:01:01] Time:0.06329 http://xhprof.gn100.com/index.php?run=58da345d68c3f&source=xhprof index/user::info
[WWW 18:01:01] Time:0.01870 http://xhprof.gn100.com/index.php?run=58da345dddd78&source=xhprof course/ajax::getUserWillBeginRemindAjax
[WWW 18:01:01] Time:0.00711 http://xhprof.gn100.com/index.php?run=58da345de9d63&source=xhprof index/user::ListRegion
[WWW 18:01:02] Time:0.00699 http://xhprof.gn100.com/index.php?run=58da345e015db&source=xhprof index/user::ListRegion
[WWW 18:01:02] Time:0.01343 http://xhprof.gn100.com/index.php?run=58da345e074a5&source=xhprof index/main::404
[WWW 18:01:23] Time:0.07771 http://xhprof.gn100.com/index.php?run=58da34736922a&source=xhprof index/user::setInfo
[WWW 18:01:23] Time:0.06346 http://xhprof.gn100.com/index.php?run=58da347382505&source=xhprof index/user::info
[WWW 18:01:23] Time:0.02393 http://xhprof.gn100.com/index.php?run=58da3473ecfc3&source=xhprof course/ajax::getUserWillBeginRemindAjax
[WWW 18:01:24] Time:0.00868 http://xhprof.gn100.com/index.php?run=58da347402453&source=xhprof index/user::ListRegion
[WWW 18:01:24] Time:0.00849 http://xhprof.gn100.com/index.php?run=58da34740e757&source=xhprof index/user::ListRegion
[WWW 18:01:24] Time:0.01680 http://xhprof.gn100.com/index.php?run=58da347417055&source=xhprof index/main::404
[WWW 18:01:31] Time:0.11755 http://xhprof.gn100.com/index.php?run=58da347b3447f&source=xhprof course/plan::play
[WWW 18:01:31] Time:0.01888 http://xhprof.gn100.com/index.php?run=58da347b74cb2&source=xhprof course/ajax::getUserWillBeginRemindAjax
[WWW 18:01:31] Time:0.01753 http://xhprof.gn100.com/index.php?run=58da347b90f37&source=xhprof course/note::NoteList
[WWW 18:01:31] Time:0.03379 http://xhprof.gn100.com/index.php?run=58da347b964be&source=xhprof user/gift::getStudentGift
[WWW 18:01:36] Time:0.11287 http://xhprof.gn100.com/index.php?run=58da34805fee5&source=xhprof course/plan::play
[WWW 18:01:36] Time:0.02104 http://xhprof.gn100.com/index.php?run=58da34809ea23&source=xhprof course/ajax::getUserWillBeginRemindAjax
[WWW 18:01:36] Time:0.02116 http://xhprof.gn100.com/index.php?run=58da3480b2c02&source=xhprof course/note::NoteList
[WWW 18:01:36] Time:0.03588 http://xhprof.gn100.com/index.php?run=58da3480b8f0d&source=xhprof user/gift::getStudentGift
[WWW 18:02:10] Time:0.08174 http://xhprof.gn100.com/index.php?run=58da34a20ee29&source=xhprof index/user::setInfo
[WWW 18:02:10] Time:0.06534 http://xhprof.gn100.com/index.php?run=58da34a229361&source=xhprof index/user::info
[WWW 18:02:10] Time:0.02501 http://xhprof.gn100.com/index.php?run=58da34a2a16e7&source=xhprof course/ajax::getUserWillBeginRemindAjax
[WWW 18:02:10] Time:0.01070 http://xhprof.gn100.com/index.php?run=58da34a2b2c8c&source=xhprof index/user::ListRegion
[WWW 18:02:10] Time:0.00934 http://xhprof.gn100.com/index.php?run=58da34a2c01f0&source=xhprof index/user::ListRegion
[WWW 18:02:10] Time:0.01736 http://xhprof.gn100.com/index.php?run=58da34a2ca8df&source=xhprof index/main::404
[WWW 18:02:12] Time:0.11811 http://xhprof.gn100.com/index.php?run=58da34a4b6b8c&source=xhprof course/plan::play
[WWW 18:02:13] Time:0.01872 http://xhprof.gn100.com/index.php?run=58da34a51078a&source=xhprof course/ajax::getUserWillBeginRemindAjax
[WWW 18:02:13] Time:0.02031 http://xhprof.gn100.com/index.php?run=58da34a535531&source=xhprof course/note::NoteList
[WWW 18:02:13] Time:0.03872 http://xhprof.gn100.com/index.php?run=58da34a53baca&source=xhprof user/gift::getStudentGift
[WWW 18:02:15] Time:0.11985 http://xhprof.gn100.com/index.php?run=58da34a77ca6f&source=xhprof course/plan::play
[WWW 18:02:15] Time:0.02073 http://xhprof.gn100.com/index.php?run=58da34a7c10f9&source=xhprof course/ajax::getUserWillBeginRemindAjax
[WWW 18:02:15] Time:0.02976 http://xhprof.gn100.com/index.php?run=58da34a7ea3c0&source=xhprof user/gift::getStudentGift
[WWW 18:02:15] Time:0.06118 http://xhprof.gn100.com/index.php?run=58da34a7ee216&source=xhprof course/note::NoteList
[WWW 18:02:18] Time:0.11221 http://xhprof.gn100.com/index.php?run=58da34aa68a37&source=xhprof course/plan::play
[WWW 18:02:18] Time:0.02164 http://xhprof.gn100.com/index.php?run=58da34aaae05d&source=xhprof course/ajax::getUserWillBeginRemindAjax
[WWW 18:02:18] Time:0.01941 http://xhprof.gn100.com/index.php?run=58da34aacc4e9&source=xhprof course/note::NoteList
[WWW 18:02:18] Time:0.05115 http://xhprof.gn100.com/index.php?run=58da34aad533c&source=xhprof user/gift::getStudentGift
[WWW 18:02:50] Time:0.12946 http://xhprof.gn100.com/index.php?run=58da34ca754d6&source=xhprof course/plan::play
[WWW 18:02:50] Time:0.01998 http://xhprof.gn100.com/index.php?run=58da34cab9280&source=xhprof course/ajax::getUserWillBeginRemindAjax
[WWW 18:02:50] Time:0.01912 http://xhprof.gn100.com/index.php?run=58da34cacd3f8&source=xhprof course/note::NoteList
[WWW 18:02:50] Time:0.04914 http://xhprof.gn100.com/index.php?run=58da34cad6135&source=xhprof user/gift::getStudentGift
[WWW 18:03:25] Time:0.11103 http://xhprof.gn100.com/index.php?run=58da34ed5f61f&source=xhprof course/plan::play
[WWW 18:03:25] Time:0.02127 http://xhprof.gn100.com/index.php?run=58da34edafce6&source=xhprof course/ajax::getUserWillBeginRemindAjax
[WWW 18:03:25] Time:0.01816 http://xhprof.gn100.com/index.php?run=58da34edd3851&source=xhprof course/note::NoteList
[WWW 18:03:25] Time:0.04440 http://xhprof.gn100.com/index.php?run=58da34eddbd5f&source=xhprof user/gift::getStudentGift
[WWW 18:03:43] Time:0.12964 http://xhprof.gn100.com/index.php?run=58da34ffbe734&source=xhprof course/plan::play
[WWW 18:03:44] Time:0.02002 http://xhprof.gn100.com/index.php?run=58da35000ec65&source=xhprof course/ajax::getUserWillBeginRemindAjax
[WWW 18:03:44] Time:0.01909 http://xhprof.gn100.com/index.php?run=58da35002671b&source=xhprof course/note::NoteList
[WWW 18:03:44] Time:0.05247 http://xhprof.gn100.com/index.php?run=58da3500307b3&source=xhprof user/gift::getStudentGift
[WWW 18:03:52] Time:0.11635 http://xhprof.gn100.com/index.php?run=58da3508729d7&source=xhprof course/plan::play
[WWW 18:03:52] Time:0.02030 http://xhprof.gn100.com/index.php?run=58da3508d14d3&source=xhprof course/ajax::getUserWillBeginRemindAjax
[WWW 18:03:53] Time:0.01943 http://xhprof.gn100.com/index.php?run=58da350910742&source=xhprof course/note::NoteList
[WWW 18:03:53] Time:0.02778 http://xhprof.gn100.com/index.php?run=58da350916671&source=xhprof user/gift::getStudentGift
[WWW 18:05:01] Time:0.23675 http://xhprof.gn100.com/index.php?run=58da354de7d80&source=xhprof index/user::info
[WWW 18:05:02] Time:0.08479 http://xhprof.gn100.com/index.php?run=58da354e66c04&source=xhprof course/ajax::getUserWillBeginRemindAjax
[WWW 18:05:02] Time:0.05828 http://xhprof.gn100.com/index.php?run=58da354e6924b&source=xhprof index/user::ListRegion
[WWW 18:05:02] Time:0.00776 http://xhprof.gn100.com/index.php?run=58da354e70e5b&source=xhprof index/user::ListRegion
[WWW 18:05:02] Time:0.06107 http://xhprof.gn100.com/index.php?run=58da354e87114&source=xhprof index/main::404
[WWW 18:05:16] Time:0.08303 http://xhprof.gn100.com/index.php?run=58da355c14c2e&source=xhprof index/user::setInfo
[WWW 18:05:16] Time:0.10910 http://xhprof.gn100.com/index.php?run=58da355c3d6d1&source=xhprof index/user::info
[WWW 18:05:16] Time:0.02620 http://xhprof.gn100.com/index.php?run=58da355c9b6e5&source=xhprof course/ajax::getUserWillBeginRemindAjax
[WWW 18:05:16] Time:0.00872 http://xhprof.gn100.com/index.php?run=58da355ca0561&source=xhprof index/user::ListRegion
[WWW 18:05:16] Time:0.01010 http://xhprof.gn100.com/index.php?run=58da355caf694&source=xhprof index/user::ListRegion
[WWW 18:05:16] Time:0.01695 http://xhprof.gn100.com/index.php?run=58da355cb7d3c&source=xhprof index/main::404
[WWW 18:05:24] Time:0.23309 http://xhprof.gn100.com/index.php?run=58da3564c6ca7&source=xhprof index/main::entry
[WWW 18:05:25] Time:0.01813 http://xhprof.gn100.com/index.php?run=58da356507bd1&source=xhprof index/main::topNav
[WWW 18:05:25] Time:0.05625 http://xhprof.gn100.com/index.php?run=58da35652b947&source=xhprof index/main::living
[WWW 18:05:25] Time:0.01082 http://xhprof.gn100.com/index.php?run=58da35654aacd&source=xhprof live/live::thumb
[WWW 18:05:25] Time:0.01312 http://xhprof.gn100.com/index.php?run=58da35654ae3b&source=xhprof live/live::thumb
[WWW 18:05:25] Time:0.01680 http://xhprof.gn100.com/index.php?run=58da35654aeb4&source=xhprof live/live::thumb
[WWW 18:05:25] Time:0.01233 http://xhprof.gn100.com/index.php?run=58da35654b2a4&source=xhprof live/live::thumb
[WWW 18:05:25] Time:0.01979 http://xhprof.gn100.com/index.php?run=58da356560e84&source=xhprof course/ajax::getUserWillBeginRemindAjax
[WWW 18:05:25] Time:0.15079 http://xhprof.gn100.com/index.php?run=58da3565f403e&source=xhprof course/plan::play
[WWW 18:05:26] Time:0.00917 http://xhprof.gn100.com/index.php?run=58da35663dcb5&source=xhprof live/live::thumb
[WWW 18:05:26] Time:0.00874 http://xhprof.gn100.com/index.php?run=58da35663dd2b&source=xhprof live/live::thumb
[WWW 18:05:26] Time:0.00987 http://xhprof.gn100.com/index.php?run=58da35663dd85&source=xhprof live/live::thumb
[WWW 18:05:26] Time:0.01056 http://xhprof.gn100.com/index.php?run=58da35663e944&source=xhprof live/live::thumb
[WWW 18:05:26] Time:0.22521 http://xhprof.gn100.com/index.php?run=58da356682733&source=xhprof live/live::thumb
[WWW 18:05:26] Time:0.01881 http://xhprof.gn100.com/index.php?run=58da35668591e&source=xhprof course/ajax::getUserWillBeginRemindAjax
[WWW 18:05:26] Time:0.02732 http://xhprof.gn100.com/index.php?run=58da3566aaf39&source=xhprof course/note::NoteList
[WWW 18:05:26] Time:0.04375 http://xhprof.gn100.com/index.php?run=58da3566b2c61&source=xhprof user/gift::getStudentGift
[WWW 18:05:45] Time:0.11332 http://xhprof.gn100.com/index.php?run=58da357998bee&source=xhprof course/plan::play
[WWW 18:05:45] Time:0.02567 http://xhprof.gn100.com/index.php?run=58da3579c43fe&source=xhprof course/ajax::getUserWillBeginRemindAjax
[WWW 18:05:45] Time:0.01936 http://xhprof.gn100.com/index.php?run=58da3579e0a88&source=xhprof course/note::NoteList
[WWW 18:05:45] Time:0.04015 http://xhprof.gn100.com/index.php?run=58da3579e6304&source=xhprof user/gift::getStudentGift
[WWW 18:05:49] Time:0.10862 http://xhprof.gn100.com/index.php?run=58da357ddc4e3&source=xhprof course/plan::play
[WWW 18:05:50] Time:0.02471 http://xhprof.gn100.com/index.php?run=58da357e49c99&source=xhprof course/ajax::getUserWillBeginRemindAjax
[WWW 18:05:50] Time:0.01851 http://xhprof.gn100.com/index.php?run=58da357e8f8cc&source=xhprof course/note::NoteList
[WWW 18:05:50] Time:0.04946 http://xhprof.gn100.com/index.php?run=58da357e981e2&source=xhprof user/gift::getStudentGift
[WWW 18:06:16] Time:0.00071 http://xhprof.gn100.com/index.php?run=58da3598f1503&source=xhprof favicon/ico::entry
[WWW 18:06:17] Time:0.01355 http://xhprof.gn100.com/index.php?run=58da3599014ed&source=xhprof index/main::404
[WWW 18:06:17] Time:0.18507 http://xhprof.gn100.com/index.php?run=58da3599ad2ea&source=xhprof index/main::entry
[WWW 18:06:17] Time:0.01235 http://xhprof.gn100.com/index.php?run=58da3599e7c94&source=xhprof index/main::topNav
[WWW 18:06:18] Time:0.03182 http://xhprof.gn100.com/index.php?run=58da359a058f8&source=xhprof index/main::living
[WWW 18:06:18] Time:0.01514 http://xhprof.gn100.com/index.php?run=58da359a13de7&source=xhprof course/ajax::getUserWillBeginRemindAjax
[WWW 18:06:22] Time:0.11012 http://xhprof.gn100.com/index.php?run=58da359e85ce8&source=xhprof index/growth::entry
[WWW 18:06:22] Time:0.01804 http://xhprof.gn100.com/index.php?run=58da359ec19f1&source=xhprof course/ajax::getUserWillBeginRemindAjax
[WWW 18:06:22] Time:0.00584 http://xhprof.gn100.com/index.php?run=58da359ed1df6&source=xhprof user/gift::getStudentOrTeacherGiftSum
[WWW 18:06:22] Time:0.00494 http://xhprof.gn100.com/index.php?run=58da359ed654f&source=xhprof user/guide::guide
[WWW 18:06:29] Time:0.08534 http://xhprof.gn100.com/index.php?run=58da35a5d19ac&source=xhprof index/growth::entry
[WWW 18:06:33] Time:0.08211 http://xhprof.gn100.com/index.php?run=58da35a98ab00&source=xhprof index/user::info
[WWW 18:06:33] Time:0.01886 http://xhprof.gn100.com/index.php?run=58da35a9df466&source=xhprof course/ajax::getUserWillBeginRemindAjax
[WWW 18:06:33] Time:0.00794 http://xhprof.gn100.com/index.php?run=58da35a9e4094&source=xhprof index/user::ListRegion
[WWW 18:06:33] Time:0.00165 http://xhprof.gn100.com/index.php?run=58da35a9e442a&source=xhprof index/user::ListGrade
[WWW 18:06:46] Time:0.11320 http://xhprof.gn100.com/index.php?run=58da35b6cdade&source=xhprof course/plan::play
[WWW 18:06:47] Time:0.02266 http://xhprof.gn100.com/index.php?run=58da35b73fd82&source=xhprof course/ajax::getUserWillBeginRemindAjax
[WWW 18:07:08] Time:0.02014 http://xhprof.gn100.com/index.php?run=58da35ccd01de&source=xhprof course/note::NoteList
[WWW 18:07:08] Time:0.03894 http://xhprof.gn100.com/index.php?run=58da35ccd6179&source=xhprof user/gift::getStudentGift
[WWW 18:08:38] Time:0.12079 http://xhprof.gn100.com/index.php?run=58da3626abde4&source=xhprof course/plan::play
[WWW 18:08:39] Time:0.02122 http://xhprof.gn100.com/index.php?run=58da362723426&source=xhprof course/ajax::getUserWillBeginRemindAjax
[WWW 18:08:39] Time:0.01912 http://xhprof.gn100.com/index.php?run=58da362755264&source=xhprof course/note::NoteList
[WWW 18:08:39] Time:0.04236 http://xhprof.gn100.com/index.php?run=58da36275dfcd&source=xhprof user/gift::getStudentGift
[WWW 18:08:56] Time:0.12188 http://xhprof.gn100.com/index.php?run=58da363897b16&source=xhprof index/user::setInfo
[WWW 18:08:56] Time:0.08199 http://xhprof.gn100.com/index.php?run=58da3638b72e6&source=xhprof index/user::info
[WWW 18:08:57] Time:0.02708 http://xhprof.gn100.com/index.php?run=58da36394c743&source=xhprof course/ajax::getUserWillBeginRemindAjax
[WWW 18:08:57] Time:0.00843 http://xhprof.gn100.com/index.php?run=58da3639570b5&source=xhprof index/user::ListRegion
[WWW 18:08:57] Time:0.00749 http://xhprof.gn100.com/index.php?run=58da363960554&source=xhprof index/user::ListRegion
[WWW 18:08:57] Time:0.01643 http://xhprof.gn100.com/index.php?run=58da36396a731&source=xhprof index/main::404
[WWW 18:09:37] Time:0.07104 http://xhprof.gn100.com/index.php?run=58da3661b668d&source=xhprof index/user::setInfo
[WWW 18:09:37] Time:0.06553 http://xhprof.gn100.com/index.php?run=58da3661d0de8&source=xhprof index/user::info
[WWW 18:09:38] Time:0.02654 http://xhprof.gn100.com/index.php?run=58da3662588f8&source=xhprof course/ajax::getUserWillBeginRemindAjax
[WWW 18:09:38] Time:0.00954 http://xhprof.gn100.com/index.php?run=58da366272508&source=xhprof index/user::ListRegion
[WWW 18:09:38] Time:0.00795 http://xhprof.gn100.com/index.php?run=58da36627952c&source=xhprof index/user::ListRegion
[WWW 18:09:38] Time:0.01520 http://xhprof.gn100.com/index.php?run=58da3662800db&source=xhprof index/main::404
[WWW 18:10:08] Time:0.08437 http://xhprof.gn100.com/index.php?run=58da368057264&source=xhprof site/main::entry
[WWW 18:10:08] Time:0.02013 http://xhprof.gn100.com/index.php?run=58da3680e06ec&source=xhprof site/main::usernav2
[WWW 18:10:08] Time:0.01838 http://xhprof.gn100.com/index.php?run=58da3680e9a6c&source=xhprof org/rightWindow::rightWindownew
[WWW 18:10:08] Time:0.04266 http://xhprof.gn100.com/index.php?run=58da3680ea33a&source=xhprof site/main::living
[WWW 18:10:08] Time:0.04134 http://xhprof.gn100.com/index.php?run=58da3680ef0cc&source=xhprof course/ajax::getUserWillBeginRemindAjax
[WWW 18:10:09] Time:0.00850 http://xhprof.gn100.com/index.php?run=58da368121097&source=xhprof live/live::thumb
[WWW 18:10:09] Time:0.00753 http://xhprof.gn100.com/index.php?run=58da3681220c5&source=xhprof live/live::thumb
[WWW 18:10:09] Time:0.00948 http://xhprof.gn100.com/index.php?run=58da368125bf0&source=xhprof live/live::thumb
[WWW 18:10:09] Time:0.00926 http://xhprof.gn100.com/index.php?run=58da368125c26&source=xhprof live/live::thumb
[WWW 18:10:09] Time:0.09015 http://xhprof.gn100.com/index.php?run=58da36812d862&source=xhprof site/main::userinfo
[WWW 18:10:09] Time:0.00534 http://xhprof.gn100.com/index.php?run=58da3681365fa&source=xhprof user/gift::getStudentOrTeacherGiftSum
[WWW 18:10:09] Time:0.01911 http://xhprof.gn100.com/index.php?run=58da3681c40be&source=xhprof site/main::usernav2
[WWW 18:10:09] Time:0.04153 http://xhprof.gn100.com/index.php?run=58da3681d205a&source=xhprof site/main::living
[WWW 18:10:09] Time:0.01966 http://xhprof.gn100.com/index.php?run=58da3681debac&source=xhprof course/ajax::getUserWillBeginRemindAjax
[WWW 18:10:09] Time:0.05646 http://xhprof.gn100.com/index.php?run=58da3681f0751&source=xhprof site/main::userinfo
[WWW 18:10:10] Time:0.00485 http://xhprof.gn100.com/index.php?run=58da3682138ee&source=xhprof user/gift::getStudentOrTeacherGiftSum
[WWW 18:10:15] Time:0.09884 http://xhprof.gn100.com/index.php?run=58da36878f774&source=xhprof teacher/course::timetable2
[WWW 18:10:16] Time:0.02163 http://xhprof.gn100.com/index.php?run=58da3688411f2&source=xhprof site/main::usernav2
[WWW 18:10:16] Time:0.02661 http://xhprof.gn100.com/index.php?run=58da3688631ea&source=xhprof course/ajax::getUserWillBeginRemindAjax
[WWW 18:10:16] Time:0.03076 http://xhprof.gn100.com/index.php?run=58da36886836c&source=xhprof teacher/course::livePlanAjax
[WWW 18:10:16] Time:0.00632 http://xhprof.gn100.com/index.php?run=58da368877483&source=xhprof user/gift::getStudentOrTeacherGiftSum
[WWW 18:10:18] Time:0.11965 http://xhprof.gn100.com/index.php?run=58da368a0deab&source=xhprof student/main::infobase
[WWW 18:10:18] Time:0.02283 http://xhprof.gn100.com/index.php?run=58da368a4796c&source=xhprof site/main::usernav2
[WWW 18:10:18] Time:0.01276 http://xhprof.gn100.com/index.php?run=58da368a4a1b8&source=xhprof org/rightWindow::rightWindow
[WWW 18:10:18] Time:0.02059 http://xhprof.gn100.com/index.php?run=58da368a4dce9&source=xhprof course/ajax::getUserWillBeginRemindAjax
[WWW 18:10:18] Time:0.01212 http://xhprof.gn100.com/index.php?run=58da368a7f2b1&source=xhprof user/course::ListRegion
[WWW 18:10:18] Time:0.00959 http://xhprof.gn100.com/index.php?run=58da368a9594b&source=xhprof user/course::ListRegion
[WWW 18:10:18] Time:0.01866 http://xhprof.gn100.com/index.php?run=58da368a9bfb6&source=xhprof index/main::404
[WWW 18:10:33] Time:0.19822 http://xhprof.gn100.com/index.php?run=58da369963dbc&source=xhprof index/main::entry
[WWW 18:10:33] Time:0.02338 http://xhprof.gn100.com/index.php?run=58da3699ab23a&source=xhprof index/main::topNav
[WWW 18:10:33] Time:0.05402 http://xhprof.gn100.com/index.php?run=58da3699c7021&source=xhprof index/main::living
[WWW 18:10:33] Time:0.02575 http://xhprof.gn100.com/index.php?run=58da3699ebcaa&source=xhprof course/ajax::getUserWillBeginRemindAjax
[WWW 18:10:34] Time:0.00903 http://xhprof.gn100.com/index.php?run=58da369a012b5&source=xhprof live/live::thumb
[WWW 18:10:34] Time:0.00964 http://xhprof.gn100.com/index.php?run=58da369a02435&source=xhprof live/live::thumb
[WWW 18:10:34] Time:0.00886 http://xhprof.gn100.com/index.php?run=58da369a034c5&source=xhprof live/live::thumb
[WWW 18:10:34] Time:0.01152 http://xhprof.gn100.com/index.php?run=58da369a034cf&source=xhprof live/live::thumb
[WWW 18:10:34] Time:0.00816 http://xhprof.gn100.com/index.php?run=58da369a03c63&source=xhprof live/live::thumb
[WWW 18:10:34] Time:0.00995 http://xhprof.gn100.com/index.php?run=58da369a03caf&source=xhprof live/live::thumb
[WWW 18:10:34] Time:0.00876 http://xhprof.gn100.com/index.php?run=58da369a136db&source=xhprof live/live::thumb
[WWW 18:10:34] Time:0.00786 http://xhprof.gn100.com/index.php?run=58da369a139e2&source=xhprof live/live::thumb
[WWW 18:10:34] Time:0.00651 http://xhprof.gn100.com/index.php?run=58da369a147a0&source=xhprof live/live::thumb
[WWW 18:10:35] Time:0.31101 http://xhprof.gn100.com/index.php?run=58da369b42330&source=xhprof index/growth::entry
[WWW 18:10:35] Time:0.02595 http://xhprof.gn100.com/index.php?run=58da369ba409c&source=xhprof course/ajax::getUserWillBeginRemindAjax
[WWW 18:10:35] Time:0.00535 http://xhprof.gn100.com/index.php?run=58da369ba5afd&source=xhprof user/guide::guide
[WWW 18:10:35] Time:0.01175 http://xhprof.gn100.com/index.php?run=58da369ba7332&source=xhprof user/gift::getStudentOrTeacherGiftSum
[WWW 18:10:37] Time:0.06690 http://xhprof.gn100.com/index.php?run=58da369d05fe0&source=xhprof index/user::info
[WWW 18:10:37] Time:0.02643 http://xhprof.gn100.com/index.php?run=58da369d5484a&source=xhprof course/ajax::getUserWillBeginRemindAjax
[WWW 18:10:37] Time:0.00920 http://xhprof.gn100.com/index.php?run=58da369d5d16a&source=xhprof index/user::ListRegion
[WWW 18:10:37] Time:0.00953 http://xhprof.gn100.com/index.php?run=58da369d712a4&source=xhprof index/user::ListRegion
[WWW 18:10:37] Time:0.01668 http://xhprof.gn100.com/index.php?run=58da369d779b3&source=xhprof index/main::404
[WWW 18:10:41] Time:0.02212 http://xhprof.gn100.com/index.php?run=58da36a1d5320&source=xhprof site/main::usernav2
[WWW 18:10:41] Time:0.04309 http://xhprof.gn100.com/index.php?run=58da36a1e3b24&source=xhprof site/main::living
[WWW 18:10:41] Time:0.02200 http://xhprof.gn100.com/index.php?run=58da36a1e861d&source=xhprof course/ajax::getUserWillBeginRemindAjax
[WWW 18:10:41] Time:0.06177 http://xhprof.gn100.com/index.php?run=58da36a200c72&source=xhprof site/main::userinfo
[WWW 18:10:42] Time:0.00538 http://xhprof.gn100.com/index.php?run=58da36a20d791&source=xhprof user/gift::getStudentOrTeacherGiftSum
[WWW 18:10:43] Time:0.07527 http://xhprof.gn100.com/index.php?run=58da36a36be2a&source=xhprof teacher/course::timetable2
[WWW 18:10:43] Time:0.02470 http://xhprof.gn100.com/index.php?run=58da36a3c22d4&source=xhprof course/ajax::getUserWillBeginRemindAjax
[WWW 18:10:43] Time:0.03944 http://xhprof.gn100.com/index.php?run=58da36a3c4da8&source=xhprof site/main::usernav2
[WWW 18:10:43] Time:0.03884 http://xhprof.gn100.com/index.php?run=58da36a3c921f&source=xhprof teacher/course::livePlanAjax
[WWW 18:10:43] Time:0.00514 http://xhprof.gn100.com/index.php?run=58da36a3d3767&source=xhprof user/gift::getStudentOrTeacherGiftSum
[WWW 18:10:48] Time:0.09212 http://xhprof.gn100.com/index.php?run=58da36a850cc6&source=xhprof student/main::infobase
[WWW 18:10:48] Time:0.02208 http://xhprof.gn100.com/index.php?run=58da36a8cdfb2&source=xhprof site/main::usernav2
[WWW 18:10:48] Time:0.02399 http://xhprof.gn100.com/index.php?run=58da36a8db96c&source=xhprof course/ajax::getUserWillBeginRemindAjax
[WWW 18:10:49] Time:0.00948 http://xhprof.gn100.com/index.php?run=58da36a90f059&source=xhprof user/course::ListRegion
[WWW 18:10:49] Time:0.00919 http://xhprof.gn100.com/index.php?run=58da36a92281b&source=xhprof user/course::ListRegion
[WWW 18:10:49] Time:0.01686 http://xhprof.gn100.com/index.php?run=58da36a928b3b&source=xhprof index/main::404
[WWW 18:11:00] Time:0.07201 http://xhprof.gn100.com/index.php?run=58da36b4e0cb6&source=xhprof student/main::setInfo
[WWW 18:11:01] Time:0.08262 http://xhprof.gn100.com/index.php?run=58da36b5088ed&source=xhprof student/main::infobase
[WWW 18:11:01] Time:0.02169 http://xhprof.gn100.com/index.php?run=58da36b5ab01e&source=xhprof site/main::usernav2
[WWW 18:11:01] Time:0.01271 http://xhprof.gn100.com/index.php?run=58da36b5c4077&source=xhprof org/rightWindow::rightWindow
[WWW 18:11:01] Time:0.02104 http://xhprof.gn100.com/index.php?run=58da36b5c7c17&source=xhprof course/ajax::getUserWillBeginRemindAjax
[WWW 18:11:01] Time:0.00839 http://xhprof.gn100.com/index.php?run=58da36b600000&source=xhprof user/course::ListRegion
[WWW 18:11:02] Time:0.00816 http://xhprof.gn100.com/index.php?run=58da36b6158c1&source=xhprof user/course::ListRegion
[WWW 18:11:02] Time:0.01412 http://xhprof.gn100.com/index.php?run=58da36b61d875&source=xhprof index/main::404
[WWW 18:18:46] Time:0.06088 http://xhprof.gn100.com/index.php?run=58da38867d02a&source=xhprof student/main::setInfo
[WWW 18:18:46] Time:0.08319 http://xhprof.gn100.com/index.php?run=58da388697a7b&source=xhprof student/main::infobase
[WWW 18:18:47] Time:0.02246 http://xhprof.gn100.com/index.php?run=58da38872cac3&source=xhprof site/main::usernav2
[WWW 18:18:47] Time:0.01804 http://xhprof.gn100.com/index.php?run=58da38873e89a&source=xhprof org/rightWindow::rightWindow
[WWW 18:18:47] Time:0.02378 http://xhprof.gn100.com/index.php?run=58da388742419&source=xhprof course/ajax::getUserWillBeginRemindAjax
[WWW 18:18:47] Time:0.00947 http://xhprof.gn100.com/index.php?run=58da38876a4b7&source=xhprof user/course::ListRegion
[WWW 18:18:47] Time:0.00886 http://xhprof.gn100.com/index.php?run=58da3887815d9&source=xhprof user/course::ListRegion
[WWW 18:18:47] Time:0.01662 http://xhprof.gn100.com/index.php?run=58da388786fc6&source=xhprof index/main::404
[WWW 18:18:51] Time:0.11948 http://xhprof.gn100.com/index.php?run=58da388b833fa&source=xhprof course/plan::play
[WWW 18:18:51] Time:0.02260 http://xhprof.gn100.com/index.php?run=58da388bdae42&source=xhprof course/ajax::getUserWillBeginRemindAjax
[WWW 18:18:52] Time:0.01826 http://xhprof.gn100.com/index.php?run=58da388c0d4e0&source=xhprof course/note::NoteList
[WWW 18:18:52] Time:0.04787 http://xhprof.gn100.com/index.php?run=58da388c16222&source=xhprof user/gift::getStudentGift
[WWW 18:19:17] Time:0.11099 http://xhprof.gn100.com/index.php?run=58da38a563894&source=xhprof course/plan::play
[WWW 18:19:17] Time:0.02646 http://xhprof.gn100.com/index.php?run=58da38a5c475e&source=xhprof course/ajax::getUserWillBeginRemindAjax
[WWW 18:19:17] Time:0.01617 http://xhprof.gn100.com/index.php?run=58da38a5dd4a8&source=xhprof course/note::NoteList
[WWW 18:19:17] Time:0.02976 http://xhprof.gn100.com/index.php?run=58da38a5e23bc&source=xhprof user/gift::getStudentGift
[WWW 09:49:24] Time:0.02177 http://xhprof.gn100.com/index.php?run=58db12a4056d5&source=xhprof index/main::login
[WWW 09:49:24] Time:0.03382 http://xhprof.gn100.com/index.php?run=58db12a423fd7&source=xhprof captcha/gen::entry
[WWW 09:49:24] Time:0.04661 http://xhprof.gn100.com/index.php?run=58db12a432f7c&source=xhprof index/main::topNav
[WWW 09:49:24] Time:0.00554 http://xhprof.gn100.com/index.php?run=58db12a46f9d8&source=xhprof course/ajax::getUserWillBeginRemindAjax
[WWW 09:49:24] Time:0.00545 http://xhprof.gn100.com/index.php?run=58db12a470fd6&source=xhprof index/main::getInternationalCodeByInfo
[WWW 09:49:24] Time:0.00141 http://xhprof.gn100.com/index.php?run=58db12a47175e&source=xhprof index/main::getInternationalCodeByInfo
[WWW 09:59:18] Time:0.16210 http://xhprof.gn100.com/index.php?run=58db14f642863&source=xhprof course/plan::play
[WWW 09:59:18] Time:0.00415 http://xhprof.gn100.com/index.php?run=58db14f6dbb29&source=xhprof course/ajax::getUserWillBeginRemindAjax
[WWW 09:59:19] Time:0.01907 http://xhprof.gn100.com/index.php?run=58db14f73ef03&source=xhprof course/note::NoteList
[WWW 09:59:19] Time:0.05219 http://xhprof.gn100.com/index.php?run=58db14f748679&source=xhprof user/gift::getStudentGift
[WWW 10:00:42] Time:0.04363 http://xhprof.gn100.com/index.php?run=58db154ae64ec&source=xhprof site/main::login
[WWW 10:00:47] Time:0.03725 http://xhprof.gn100.com/index.php?run=58db154f7f5ea&source=xhprof site/main::login
[WWW 10:01:19] Time:0.03375 http://xhprof.gn100.com/index.php?run=58db156f2faaf&source=xhprof site/main::login
[WWW 10:01:26] Time:0.03386 http://xhprof.gn100.com/index.php?run=58db157656242&source=xhprof site/main::login
[WWW 10:01:31] Time:0.03424 http://xhprof.gn100.com/index.php?run=58db157b8a379&source=xhprof site/main::login
[WWW 10:01:31] Time:0.03064 http://xhprof.gn100.com/index.php?run=58db157b96d07&source=xhprof captcha/gen::entry
[WWW 10:01:32] Time:0.01724 http://xhprof.gn100.com/index.php?run=58db157c22361&source=xhprof site/main::usernav2
[WWW 10:01:32] Time:0.00360 http://xhprof.gn100.com/index.php?run=58db157c2c258&source=xhprof course/ajax::getUserWillBeginRemindAjax
[WWW 10:01:32] Time:0.00923 http://xhprof.gn100.com/index.php?run=58db157c2de8a&source=xhprof site/main::getInternationalCodeByInfo
[WWW 10:01:32] Time:0.00821 http://xhprof.gn100.com/index.php?run=58db157c2e467&source=xhprof site/main::getInternationalCodeByInfo
[WWW 10:01:33] Time:0.10630 http://xhprof.gn100.com/index.php?run=58db157d920dd&source=xhprof student/main::infobase
[WWW 10:01:33] Time:0.02491 http://xhprof.gn100.com/index.php?run=58db157de0556&source=xhprof site/main::usernav2
[WWW 10:01:33] Time:0.01411 http://xhprof.gn100.com/index.php?run=58db157dea4f2&source=xhprof org/rightWindow::rightWindow
[WWW 10:01:33] Time:0.04112 http://xhprof.gn100.com/index.php?run=58db157df3571&source=xhprof course/ajax::getUserWillBeginRemindAjax
[WWW 10:01:34] Time:0.01138 http://xhprof.gn100.com/index.php?run=58db157e22a29&source=xhprof user/course::ListRegion
[WWW 10:01:34] Time:0.00895 http://xhprof.gn100.com/index.php?run=58db157e37e6e&source=xhprof user/course::ListRegion
[WWW 10:01:34] Time:0.01861 http://xhprof.gn100.com/index.php?run=58db157e3f608&source=xhprof index/main::404
[WWW 10:01:39] Time:0.07692 http://xhprof.gn100.com/index.php?run=58db15832fdcf&source=xhprof student/main::setInfo
[WWW 10:01:39] Time:0.08537 http://xhprof.gn100.com/index.php?run=58db15834b36a&source=xhprof student/main::infobase
[WWW 10:01:39] Time:0.02136 http://xhprof.gn100.com/index.php?run=58db1583df599&source=xhprof site/main::usernav2
[WWW 10:01:39] Time:0.01335 http://xhprof.gn100.com/index.php?run=58db1583f3b87&source=xhprof org/rightWindow::rightWindow
[WWW 10:01:40] Time:0.02436 http://xhprof.gn100.com/index.php?run=58db158403061&source=xhprof course/ajax::getUserWillBeginRemindAjax
[WWW 10:01:40] Time:0.01069 http://xhprof.gn100.com/index.php?run=58db15842aa40&source=xhprof user/course::ListRegion
[WWW 10:01:40] Time:0.00956 http://xhprof.gn100.com/index.php?run=58db1584404a2&source=xhprof user/course::ListRegion
[WWW 10:01:40] Time:0.01856 http://xhprof.gn100.com/index.php?run=58db158448813&source=xhprof index/main::404
[WWW 10:02:58] Time:0.03255 http://xhprof.gn100.com/index.php?run=58db15d25c35d&source=xhprof site/main::login
[WWW 10:02:58] Time:0.02762 http://xhprof.gn100.com/index.php?run=58db15d26b52c&source=xhprof captcha/gen::entry
[WWW 10:02:58] Time:0.01560 http://xhprof.gn100.com/index.php?run=58db15d2b74c9&source=xhprof site/main::usernav2
[WWW 10:02:58] Time:0.00393 http://xhprof.gn100.com/index.php?run=58db15d2c0895&source=xhprof course/ajax::getUserWillBeginRemindAjax
[WWW 10:02:58] Time:0.00842 http://xhprof.gn100.com/index.php?run=58db15d2c3b91&source=xhprof site/main::getInternationalCodeByInfo
[WWW 10:02:58] Time:0.00797 http://xhprof.gn100.com/index.php?run=58db15d2c42a7&source=xhprof site/main::getInternationalCodeByInfo
[WWW 10:02:59] Time:0.11124 http://xhprof.gn100.com/index.php?run=58db15d3e7903&source=xhprof course/plan::play
[WWW 10:03:00] Time:0.02512 http://xhprof.gn100.com/index.php?run=58db15d43962e&source=xhprof course/ajax::getUserWillBeginRemindAjax
[WWW 10:03:00] Time:0.02285 http://xhprof.gn100.com/index.php?run=58db15d460fea&source=xhprof course/note::NoteList
[WWW 10:03:00] Time:0.03063 http://xhprof.gn100.com/index.php?run=58db15d46ac8a&source=xhprof user/gift::getStudentGift
